{
  "RSpec": {
    "coverage": {
      "/home/mluukkai/saas/RubyMine/hw3_rottenpotatoes/app/controllers/application_controller.rb": [
        1,
        1,
        null
      ],
      "/home/mluukkai/saas/RubyMine/hw3_rottenpotatoes/app/helpers/application_helper.rb": [
        1,
        null
      ],
      "/home/mluukkai/saas/RubyMine/hw3_rottenpotatoes/app/helpers/movies_helper.rb": [
        1,
        null,
        1,
        0,
        null,
        null
      ],
      "/home/mluukkai/saas/RubyMine/hw3_rottenpotatoes/app/controllers/movies_controller.rb": [
        1,
        null,
        1,
        1,
        1,
        null,
        null,
        null,
        1,
        3,
        3,
        null,
        1,
        null,
        1,
        null,
        3,
        3,
        null,
        3,
        2,
        2,
        null,
        null,
        1,
        0,
        0,
        0,
        null,
        1,
        null,
        null,
        1,
        null,
        null,
        null,
        1,
        1,
        1,
        1,
        null,
        null,
        1,
        1,
        null,
        null,
        1,
        1,
        1,
        1,
        1,
        null,
        null,
        1,
        1,
        1,
        1,
        1,
        null,
        null,
        null
      ],
      "/home/mluukkai/saas/RubyMine/hw3_rottenpotatoes/app/models/movie.rb": [
        1,
        1,
        4,
        null,
        null,
        1,
        3,
        3,
        null,
        null,
        null,
        1,
        1,
        null,
        null
      ],
      "/home/mluukkai/saas/RubyMine/hw3_rottenpotatoes/app/controllers/withsamedirector_controller.rb": [
        1,
        1,
        null,
        3,
        3,
        2,
        null,
        1,
        null,
        null,
        null
      ]
    },
    "timestamp": 1340285940
  }
}
